Arguments: 
  C:\Program Files\nodejs\node.exe C:\Users\ITWORK\AppData\Roaming\npm\node_modules\yarn\bin\yarn.js add --bundler

PATH: 
  C:\Users\ITWORK\bin;C:\Program Files\Git\mingw64\bin;C:\Program Files\Git\usr\local\bin;C:\Program Files\Git\usr\bin;C:\Program Files\Git\usr\bin;C:\Program Files\Git\mingw64\bin;C:\Program Files\Git\usr\bin;C:\Users\ITWORK\bin;C:\Windows\system32;C:\Windows;C:\Windows\System32\Wbem;C:\Windows\System32\WindowsPowerShell\v1.0;C:\Windows\System32\OpenSSH;C:\Program Files (x86)\NVIDIA Corporation\PhysX\Common;C:\Program Files\NVIDIA Corporation\NVIDIA NvDLISR;C:\WINDOWS\system32;C:\WINDOWS;C:\WINDOWS\System32\Wbem;C:\WINDOWS\System32\WindowsPowerShell\v1.0;C:\WINDOWS\System32\OpenSSH;C:\Program Files\Git\cmd;C:\Program Files\nodejs;C:\Users\ITWORK\AppData\Local\Microsoft\WindowsApps;C:\Users\ITWORK\AppData\Roaming\npm;C:\Program Files\Git\usr\bin\vendor_perl;C:\Program Files\Git\usr\bin\core_perl

Yarn version: 
  1.22.19

Node version: 
  18.15.0

Platform: 
  win32 x64

Trace: 
  SyntaxError: C:\Users\ITWORK\Desktop\Front-End Pazengusiems\Books\Books\package.json: Unexpected token , in JSON at position 187
      at JSON.parse (<anonymous>)
      at C:\Users\ITWORK\AppData\Roaming\npm\node_modules\yarn\lib\cli.js:1629:59
      at Generator.next (<anonymous>)
      at step (C:\Users\ITWORK\AppData\Roaming\npm\node_modules\yarn\lib\cli.js:310:30)
      at C:\Users\ITWORK\AppData\Roaming\npm\node_modules\yarn\lib\cli.js:321:13

npm manifest: 
  {
    "name": "Books",
    "version": "1.0.0",
    "main": "index.js",
    "repository": "https://github.com/AurimasT/Books.git",
    "author": "AurimasT <qzmp1793@gmail.com>",
    "license": "MIT"
  },
  
  "scripts": {
    "test": "jest",
    "dev": "index.html"
  }

yarn manifest: 
  No manifest

Lockfile: 
  No lockfile
